<?xml version="1.0" encoding="UTF-8"?>
<!-- Generated by org.testng.reporters.JUnitReportReporter -->
<testsuite hostname="VIVAT-MNACU" failures="0" tests="1" name="md.foodhouse.SecondClass" time="1.646" errors="0" timestamp="2022-02-01T15:17:32 MSK" skipped="0">
  <testcase classname="md.foodhouse.SecondClass" name="SecondTest" time="1.646"/>
  <system-out/>
</testsuite> <!-- md.foodhouse.SecondClass -->
